[debug] [2022-05-25T06:54:21.955Z] ----------------------------------------------------------------------
[debug] [2022-05-25T06:54:21.958Z] Command:       C:\Program Files\nodejs\node.exe C:\Users\aaa\AppData\Roaming\npm\node_modules\firebase-tools\lib\bin\firebase.js init
[debug] [2022-05-25T06:54:21.959Z] CLI Version:   11.0.1
[debug] [2022-05-25T06:54:21.959Z] Platform:      win32
[debug] [2022-05-25T06:54:21.959Z] Node Version:  v16.14.2
[debug] [2022-05-25T06:54:21.960Z] Time:          Wed May 25 2022 12:54:21 GMT+0600 (Bangladesh Standard Time)
[debug] [2022-05-25T06:54:21.960Z] ----------------------------------------------------------------------
[debug] 
[debug] [2022-05-25T06:54:21.964Z] >>> [apiv2][query] GET https://firebase-public.firebaseio.com/cli.json [none]
[debug] [2022-05-25T06:54:21.995Z] > command requires scopes: ["email","openid","https://www.googleapis.com/auth/cloudplatformprojects.readonly","https://www.googleapis.com/auth/firebase","https://www.googleapis.com/auth/cloud-platform"]
[debug] [2022-05-25T06:54:21.996Z] > authorizing via signed-in user (nazmulcpi2012@gmail.com)
[info] 
     ######## #### ########  ######## ########     ###     ######  ########
     ##        ##  ##     ## ##       ##     ##  ##   ##  ##       ##
     ######    ##  ########  ######   ########  #########  ######  ######
     ##        ##  ##    ##  ##       ##     ## ##     ##       ## ##
     ##       #### ##     ## ######## ########  ##     ##  ######  ########

You're about to initialize a Firebase project in this directory:

  F:\Progaming Hero\P-Hero Assignment\Assignment-12\Laptop-Parts-Source-client

[debug] [2022-05-25T06:54:23.075Z] <<< [apiv2][status] GET https://firebase-public.firebaseio.com/cli.json 200
[debug] [2022-05-25T06:54:23.076Z] <<< [apiv2][body] GET https://firebase-public.firebaseio.com/cli.json {"cloudBuildErrorAfter":1594252800000,"cloudBuildWarnAfter":1590019200000,"defaultNode10After":1594252800000,"minVersion":"3.0.5","node8DeploysDisabledAfter":1613390400000,"node8RuntimeDisabledAfter":1615809600000,"node8WarnAfter":1600128000000}
